Release 14.6 - xst P.68d (nt64)
Copyright (c) 1995-2013 Xilinx, Inc.  All rights reserved.
--> Parameter TMPDIR set to xst/projnav.tmp


Total REAL time to Xst completion: 0.00 secs
Total CPU time to Xst completion: 0.07 secs
 
--> Parameter xsthdpdir set to xst


Total REAL time to Xst completion: 0.00 secs
Total CPU time to Xst completion: 0.07 secs
 
--> Reading design: user_logic.prj

TABLE OF CONTENTS
  1) Synthesis Options Summary
  2) HDL Parsing
  3) HDL Elaboration
  4) HDL Synthesis
       4.1) HDL Synthesis Report
  5) Advanced HDL Synthesis
       5.1) Advanced HDL Synthesis Report
  6) Low Level Synthesis
  7) Partition Report
  8) Design Summary
       8.1) Primitive and Black Box Usage
       8.2) Device utilization summary
       8.3) Partition Resource Summary
       8.4) Timing Report
            8.4.1) Clock Information
            8.4.2) Asynchronous Control Signals Information
            8.4.3) Timing Summary
            8.4.4) Timing Details
            8.4.5) Cross Clock Domains Report


=========================================================================
*                      Synthesis Options Summary                        *
=========================================================================
---- Source Parameters
Input File Name                    : "user_logic.prj"
Ignore Synthesis Constraint File   : NO

---- Target Parameters
Output File Name                   : "user_logic"
Output Format                      : NGC
Target Device                      : xc6slx45-2-fgg676

---- Source Options
Top Module Name                    : user_logic
Automatic FSM Extraction           : YES
FSM Encoding Algorithm             : Auto
Safe Implementation                : No
FSM Style                          : LUT
RAM Extraction                     : Yes
RAM Style                          : Auto
ROM Extraction                     : Yes
Shift Register Extraction          : YES
ROM Style                          : Auto
Resource Sharing                   : YES
Asynchronous To Synchronous        : NO
Shift Register Minimum Size        : 2
Use DSP Block                      : Auto
Automatic Register Balancing       : No

---- Target Options
LUT Combining                      : Auto
Reduce Control Sets                : Auto
Add IO Buffers                     : YES
Global Maximum Fanout              : 100000
Add Generic Clock Buffer(BUFG)     : 16
Register Duplication               : YES
Optimize Instantiated Primitives   : NO
Use Clock Enable                   : Auto
Use Synchronous Set                : Auto
Use Synchronous Reset              : Auto
Pack IO Registers into IOBs        : Auto
Equivalent register Removal        : YES

---- General Options
Optimization Goal                  : Speed
Optimization Effort                : 1
Power Reduction                    : NO
Keep Hierarchy                     : No
Netlist Hierarchy                  : As_Optimized
RTL Output                         : Yes
Global Optimization                : AllClockNets
Read Cores                         : YES
Write Timing Constraints           : NO
Cross Clock Analysis               : NO
Hierarchy Separator                : /
Bus Delimiter                      : <>
Case Specifier                     : Maintain
Slice Utilization Ratio            : 100
BRAM Utilization Ratio             : 100
DSP48 Utilization Ratio            : 100
Auto BRAM Packing                  : NO
Slice Utilization Ratio Delta      : 5

=========================================================================


=========================================================================
*                          HDL Parsing                                  *
=========================================================================
Parsing VHDL file "D:\folderi_sa_D\RA43-2016\lab3\pcores\vga_peripheral_v1_00_a\hdl\vhdl\vga_sync.vhd" into library work
Parsing entity <vga_sync>.
Parsing architecture <rtl> of entity <vga_sync>.
Parsing VHDL file "D:\folderi_sa_D\RA43-2016\lab3\pcores\vga_peripheral_v1_00_a\hdl\vhdl\dcm75MHz.vhd" into library work
Parsing entity <dcm75MHz>.
Parsing architecture <xilinx> of entity <dcm75mhz>.
Parsing VHDL file "D:\folderi_sa_D\RA43-2016\lab3\pcores\vga_peripheral_v1_00_a\hdl\vhdl\dcm50MHz.vhd" into library work
Parsing entity <dcm50MHz>.
Parsing architecture <xilinx> of entity <dcm50mhz>.
Parsing VHDL file "D:\folderi_sa_D\RA43-2016\lab3\pcores\vga_peripheral_v1_00_a\hdl\vhdl\dcm25MHz.vhd" into library work
Parsing entity <dcm25MHz>.
Parsing architecture <xilinx> of entity <dcm25mhz>.
Parsing VHDL file "D:\folderi_sa_D\RA43-2016\lab3\pcores\vga_peripheral_v1_00_a\hdl\vhdl\dcm108MHz.vhd" into library work
Parsing entity <dcm108MHz>.
Parsing architecture <xilinx> of entity <dcm108mhz>.
Parsing VHDL file "D:\folderi_sa_D\RA43-2016\lab3\pcores\vga_peripheral_v1_00_a\hdl\vhdl\vga.vhd" into library work
Parsing entity <vga>.
Parsing architecture <rtl> of entity <vga>.
Parsing VHDL file "D:\folderi_sa_D\RA43-2016\lab3\pcores\vga_peripheral_v1_00_a\hdl\vhdl\text_mem.vhd" into library work
Parsing entity <text_mem>.
Parsing architecture <arc_text_mem> of entity <text_mem>.
Parsing VHDL file "D:\folderi_sa_D\RA43-2016\lab3\pcores\vga_peripheral_v1_00_a\hdl\vhdl\graphics_mem.vhd" into library work
Parsing entity <graphics_mem>.
Parsing architecture <arc_graphics_mem> of entity <graphics_mem>.
Parsing VHDL file "D:\folderi_sa_D\RA43-2016\lab3\pcores\vga_peripheral_v1_00_a\hdl\vhdl\char_rom.vhd" into library work
Parsing entity <char_rom>.
Parsing architecture <Behavioral> of entity <char_rom>.
Parsing VHDL file "D:\folderi_sa_D\RA43-2016\lab3\pcores\vga_peripheral_v1_00_a\hdl\vhdl\vga_top.vhd" into library work
Parsing entity <vga_top>.
Parsing architecture <rtl> of entity <vga_top>.
Parsing VHDL file "D:\folderi_sa_D\RA43-2016\lab3\pcores\vga_peripheral_v1_00_a\hdl\vhdl\reg.vhd" into library work
Parsing entity <reg>.
Parsing architecture <arch_reg> of entity <reg>.
Parsing VHDL file "C:/Xilinx/14.6/ISE_DS/EDK/hw/XilinxProcessorIPLib/pcores/proc_common_v3_00_a/hdl/vhdl/proc_common_pkg.vhd" into library proc_common_v3_00_a
Parsing package <proc_common_pkg>.
Parsing package body <proc_common_pkg>.
Parsing VHDL file "D:\folderi_sa_D\RA43-2016\lab3\pcores\vga_peripheral_v1_00_a\hdl\vhdl\user_logic.vhd" into library vga_peripheral_v1_00_a
Parsing entity <user_logic>.
ERROR:HDLCompiler:69 - "D:\folderi_sa_D\RA43-2016\lab3\pcores\vga_peripheral_v1_00_a\hdl\vhdl\user_logic.vhd" Line 110: <ipif_ard_addr_range_array> is not declared.
ERROR:HDLCompiler:722 - "D:\folderi_sa_D\RA43-2016\lab3\pcores\vga_peripheral_v1_00_a\hdl\vhdl\user_logic.vhd" Line 110: Prefix of LENGTH attribute should be an array or array (sub)type
ERROR:HDLCompiler:854 - "D:\folderi_sa_D\RA43-2016\lab3\pcores\vga_peripheral_v1_00_a\hdl\vhdl\user_logic.vhd" Line 84: Unit <user_logic> ignored due to previous errors.
Parsing architecture <IMP> of entity <user_logic>.
ERROR:HDLCompiler:374 - "D:\folderi_sa_D\RA43-2016\lab3\pcores\vga_peripheral_v1_00_a\hdl\vhdl\user_logic.vhd" Line 150: Entity <user_logic> is not yet compiled.
ERROR:HDLCompiler:69 - "D:\folderi_sa_D\RA43-2016\lab3\pcores\vga_peripheral_v1_00_a\hdl\vhdl\user_logic.vhd" Line 153: <natural> is not declared.
ERROR:HDLCompiler:69 - "D:\folderi_sa_D\RA43-2016\lab3\pcores\vga_peripheral_v1_00_a\hdl\vhdl\user_logic.vhd" Line 155: <res_num> is not declared.
ERROR:HDLCompiler:24 - "D:\folderi_sa_D\RA43-2016\lab3\pcores\vga_peripheral_v1_00_a\hdl\vhdl\user_logic.vhd" Line 155: "**" expects 2 arguments
ERROR:HDLCompiler:845 - "D:\folderi_sa_D\RA43-2016\lab3\pcores\vga_peripheral_v1_00_a\hdl\vhdl\user_logic.vhd" Line 157: Type of aggregate cannot be determined without context ; 0 visible types match here
ERROR:HDLCompiler:845 - "D:\folderi_sa_D\RA43-2016\lab3\pcores\vga_peripheral_v1_00_a\hdl\vhdl\user_logic.vhd" Line 158: Type of aggregate cannot be determined without context ; 0 visible types match here
ERROR:HDLCompiler:845 - "D:\folderi_sa_D\RA43-2016\lab3\pcores\vga_peripheral_v1_00_a\hdl\vhdl\user_logic.vhd" Line 159: Type of aggregate cannot be determined without context ; 0 visible types match here
ERROR:HDLCompiler:845 - "D:\folderi_sa_D\RA43-2016\lab3\pcores\vga_peripheral_v1_00_a\hdl\vhdl\user_logic.vhd" Line 160: Type of aggregate cannot be determined without context ; 0 visible types match here
ERROR:HDLCompiler:69 - "D:\folderi_sa_D\RA43-2016\lab3\pcores\vga_peripheral_v1_00_a\hdl\vhdl\user_logic.vhd" Line 162: <natural> is not declared.
ERROR:HDLCompiler:69 - "D:\folderi_sa_D\RA43-2016\lab3\pcores\vga_peripheral_v1_00_a\hdl\vhdl\user_logic.vhd" Line 163: <natural> is not declared.
ERROR:HDLCompiler:69 - "D:\folderi_sa_D\RA43-2016\lab3\pcores\vga_peripheral_v1_00_a\hdl\vhdl\user_logic.vhd" Line 164: <natural> is not declared.
ERROR:HDLCompiler:69 - "D:\folderi_sa_D\RA43-2016\lab3\pcores\vga_peripheral_v1_00_a\hdl\vhdl\user_logic.vhd" Line 165: <natural> is not declared.
ERROR:HDLCompiler:69 - "D:\folderi_sa_D\RA43-2016\lab3\pcores\vga_peripheral_v1_00_a\hdl\vhdl\user_logic.vhd" Line 169: <natural> is not declared.
ERROR:HDLCompiler:69 - "D:\folderi_sa_D\RA43-2016\lab3\pcores\vga_peripheral_v1_00_a\hdl\vhdl\user_logic.vhd" Line 170: <natural> is not declared.
ERROR:HDLCompiler:69 - "D:\folderi_sa_D\RA43-2016\lab3\pcores\vga_peripheral_v1_00_a\hdl\vhdl\user_logic.vhd" Line 171: <natural> is not declared.
ERROR:HDLCompiler:69 - "D:\folderi_sa_D\RA43-2016\lab3\pcores\vga_peripheral_v1_00_a\hdl\vhdl\user_logic.vhd" Line 172: <natural> is not declared.
Sorry, too many errors..
--> 

Total memory usage is 218292 kilobytes

Number of errors   :   19 (   0 filtered)
Number of warnings :    0 (   0 filtered)
Number of infos    :    0 (   0 filtered)

