11:17:08.586 INFO  - Processing command line option -hwspec D:\ra184-2016\lab3\SDK\SDK_Export\hw\system.xml. 
11:27:54.232 ERROR - FPGA Configuration failed.Connection to Board Failed


    Failed to Open JTAG Cable
    Cable target is not connected to the host
 
11:29:13.053 INFO  - FPGA configured successfully with bitstream "D:/ra184-2016/lab3/SDK/SDK_Workspace/lab3_hw_platform/download.bit" 
11:32:03.505 ERROR - Unexpected error while launching program. com.xilinx.sdk.targetmanager.TMException: MicroBlaze is under RESET. Check if the Reset input to MicroBlaze and its Bus Interfaces are connected properly
    UNABLE to STOP MicroBlaze

	at com.xilinx.sdk.targetmanager.internal.TM.connectToProcessor(Unknown Source)
	at com.xilinx.sdk.debug.core.internal.AppRunner.run(Unknown Source)

11:34:45.999 INFO  - FPGA configured successfully with bitstream "D:/ra184-2016/lab3/SDK/SDK_Workspace/lab3_hw_platform/download.bit" 
11:35:03.403 INFO  - FPGA configured successfully with bitstream "D:/ra184-2016/lab3/SDK/SDK_Workspace/lab3_hw_platform/download.bit" 
11:35:09.620 ERROR - Unexpected error while launching program. com.xilinx.sdk.targetmanager.TMException: MicroBlaze is under RESET. Check if the Reset input to MicroBlaze and its Bus Interfaces are connected properly
    UNABLE to STOP MicroBlaze

	at com.xilinx.sdk.targetmanager.internal.TM.connectToProcessor(Unknown Source)
	at com.xilinx.sdk.debug.core.internal.AppRunner.run(Unknown Source)

11:35:58.204 INFO  - FPGA configured successfully with bitstream "D:/ra184-2016/lab3/SDK/SDK_Workspace/lab3_hw_platform/download.bit" 
11:36:03.480 ERROR - Unexpected error while launching program. com.xilinx.sdk.targetmanager.TMException: MicroBlaze is under RESET. Check if the Reset input to MicroBlaze and its Bus Interfaces are connected properly
    UNABLE to STOP MicroBlaze

	at com.xilinx.sdk.targetmanager.internal.TM.connectToProcessor(Unknown Source)
	at com.xilinx.sdk.debug.core.internal.AppRunner.run(Unknown Source)

11:40:17.781 INFO  - FPGA configured successfully with bitstream "D:/ra184-2016/lab3/SDK/SDK_Workspace/lab3_hw_platform/download.bit" 
11:40:37.444 ERROR - Unexpected error while launching program. com.xilinx.sdk.targetmanager.TMException: MicroBlaze is under RESET. Check if the Reset input to MicroBlaze and its Bus Interfaces are connected properly
    UNABLE to STOP MicroBlaze

	at com.xilinx.sdk.targetmanager.internal.TM.connectToProcessor(Unknown Source)
	at com.xilinx.sdk.debug.core.internal.AppRunner.run(Unknown Source)

11:45:32.508 INFO  - FPGA configured successfully with bitstream "D:/ra184-2016/lab3/SDK/SDK_Workspace/lab3_hw_platform/download.bit" 
11:45:43.372 ERROR - Unexpected error while launching program. com.xilinx.sdk.targetmanager.TMException: MicroBlaze is under RESET. Check if the Reset input to MicroBlaze and its Bus Interfaces are connected properly
    UNABLE to STOP MicroBlaze

	at com.xilinx.sdk.targetmanager.internal.TM.connectToProcessor(Unknown Source)
	at com.xilinx.sdk.debug.core.internal.AppRunner.run(Unknown Source)

11:45:46.672 ERROR - Unexpected error while launching program. com.xilinx.sdk.targetmanager.TMException: MicroBlaze is under RESET. Check if the Reset input to MicroBlaze and its Bus Interfaces are connected properly
    UNABLE to STOP MicroBlaze

	at com.xilinx.sdk.targetmanager.internal.TM.connectToProcessor(Unknown Source)
	at com.xilinx.sdk.debug.core.internal.AppRunner.run(Unknown Source)

11:46:28.645 ERROR - Unexpected error while parsing XMD response ?: com.google.gson.JsonSyntaxException: com.google.gson.stream.MalformedJsonException: invalid number or unquoted string near  
11:46:50.798 INFO  - Processing command line option -hwspec D:\ra184-2016\lab3\SDK\SDK_Export\hw\system.xml. 
11:46:55.907 INFO  - Updating .bit and .bmm files from XPS's export folder. 
11:47:04.509 INFO  - Copied contents of D:\ra184-2016\lab3\SDK\SDK_Export\hw\system.bit into \lab3_hw_platform\system.bit. 
11:47:04.511 INFO  - Copied contents of D:\ra184-2016\lab3\SDK\SDK_Export\hw\system_bd.bmm into \lab3_hw_platform\system_bd.bmm. 
11:47:21.941 INFO  - FPGA configured successfully with bitstream "D:/ra184-2016/lab3/SDK/SDK_Workspace/lab3_hw_platform/download.bit" 
12:09:16.639 ERROR - Unexpected error while parsing XMD response ?: com.google.gson.JsonSyntaxException: com.google.gson.stream.MalformedJsonException: invalid number or unquoted string near  
